-------------------------------------------------------------------------------
Test set: org.activiti.incubator.taskservice.TaskServiceApplicationTests
-------------------------------------------------------------------------------
Tests run: 1, Failures: 0, Errors: 1, Skipped: 0, Time elapsed: 18.774 s <<< FAILURE! - in org.activiti.incubator.taskservice.TaskServiceApplicationTests
contextLoads(org.activiti.incubator.taskservice.TaskServiceApplicationTests)  Time elapsed: 0.005 s  <<< ERROR!
java.lang.IllegalStateException: Failed to load ApplicationContext
Caused by: org.springframework.beans.factory.UnsatisfiedDependencyException: Error creating bean with name 'repositorySchemaController' defined in URL [jar:file:/Users/miguelruiz/.m2/repository/org/springframework/data/spring-data-rest-webmvc/3.0.5.RELEASE/spring-data-rest-webmvc-3.0.5.RELEASE.jar!/org/springframework/data/rest/webmvc/RepositorySchemaController.class]: Unsatisfied dependency expressed through constructor parameter 0; nested exception is org.springframework.beans.factory.BeanCreationException: Error creating bean with name 'jsonSchemaConverter' defined in class path resource [org/springframework/data/rest/webmvc/config/RepositoryRestMvcConfiguration.class]: Bean instantiation via factory method failed; nested exception is org.springframework.beans.BeanInstantiationException: Failed to instantiate [org.springframework.data.rest.webmvc.json.PersistentEntityToJsonSchemaConverter]: Factory method 'jsonSchemaConverter' threw exception; nested exception is org.springframework.beans.factory.BeanCreationException: Error creating bean with name 'associationLinks' defined in class path resource [org/springframework/data/rest/webmvc/config/RepositoryRestMvcConfiguration.class]: Bean instantiation via factory method failed; nested exception is org.springframework.beans.BeanInstantiationException: Failed to instantiate [org.springframework.data.rest.webmvc.mapping.Associations]: Factory method 'associationLinks' threw exception; nested exception is org.springframework.beans.factory.BeanCreationException: Error creating bean with name 'resourceMappings' defined in class path resource [org/springframework/data/rest/webmvc/config/RepositoryRestMvcConfiguration.class]: Bean instantiation via factory method failed; nested exception is org.springframework.beans.BeanInstantiationException: Failed to instantiate [org.springframework.data.rest.core.mapping.RepositoryResourceMappings]: Factory method 'resourceMappings' threw exception; nested exception is org.springframework.beans.factory.BeanCreationException: Error creating bean with name 'repositories' defined in class path resource [org/springframework/data/rest/webmvc/config/RepositoryRestMvcConfiguration.class]: Bean instantiation via factory method failed; nested exception is org.springframework.beans.BeanInstantiationException: Failed to instantiate [org.springframework.data.repository.support.Repositories]: Factory method 'repositories' threw exception; nested exception is org.springframework.beans.factory.BeanCreationException: Error creating bean with name 'taskRepository': Invocation of init method failed; nested exception is org.springframework.beans.BeanInstantiationException: Failed to instantiate [org.springframework.data.jpa.repository.support.QuerydslJpaRepository]: Constructor threw exception; nested exception is java.lang.IllegalArgumentException: Did not find a query class org.activiti.incubator.taskservice.QTask for domain class org.activiti.incubator.taskservice.Task!
Caused by: org.springframework.beans.factory.BeanCreationException: Error creating bean with name 'jsonSchemaConverter' defined in class path resource [org/springframework/data/rest/webmvc/config/RepositoryRestMvcConfiguration.class]: Bean instantiation via factory method failed; nested exception is org.springframework.beans.BeanInstantiationException: Failed to instantiate [org.springframework.data.rest.webmvc.json.PersistentEntityToJsonSchemaConverter]: Factory method 'jsonSchemaConverter' threw exception; nested exception is org.springframework.beans.factory.BeanCreationException: Error creating bean with name 'associationLinks' defined in class path resource [org/springframework/data/rest/webmvc/config/RepositoryRestMvcConfiguration.class]: Bean instantiation via factory method failed; nested exception is org.springframework.beans.BeanInstantiationException: Failed to instantiate [org.springframework.data.rest.webmvc.mapping.Associations]: Factory method 'associationLinks' threw exception; nested exception is org.springframework.beans.factory.BeanCreationException: Error creating bean with name 'resourceMappings' defined in class path resource [org/springframework/data/rest/webmvc/config/RepositoryRestMvcConfiguration.class]: Bean instantiation via factory method failed; nested exception is org.springframework.beans.BeanInstantiationException: Failed to instantiate [org.springframework.data.rest.core.mapping.RepositoryResourceMappings]: Factory method 'resourceMappings' threw exception; nested exception is org.springframework.beans.factory.BeanCreationException: Error creating bean with name 'repositories' defined in class path resource [org/springframework/data/rest/webmvc/config/RepositoryRestMvcConfiguration.class]: Bean instantiation via factory method failed; nested exception is org.springframework.beans.BeanInstantiationException: Failed to instantiate [org.springframework.data.repository.support.Repositories]: Factory method 'repositories' threw exception; nested exception is org.springframework.beans.factory.BeanCreationException: Error creating bean with name 'taskRepository': Invocation of init method failed; nested exception is org.springframework.beans.BeanInstantiationException: Failed to instantiate [org.springframework.data.jpa.repository.support.QuerydslJpaRepository]: Constructor threw exception; nested exception is java.lang.IllegalArgumentException: Did not find a query class org.activiti.incubator.taskservice.QTask for domain class org.activiti.incubator.taskservice.Task!
Caused by: org.springframework.beans.BeanInstantiationException: Failed to instantiate [org.springframework.data.rest.webmvc.json.PersistentEntityToJsonSchemaConverter]: Factory method 'jsonSchemaConverter' threw exception; nested exception is org.springframework.beans.factory.BeanCreationException: Error creating bean with name 'associationLinks' defined in class path resource [org/springframework/data/rest/webmvc/config/RepositoryRestMvcConfiguration.class]: Bean instantiation via factory method failed; nested exception is org.springframework.beans.BeanInstantiationException: Failed to instantiate [org.springframework.data.rest.webmvc.mapping.Associations]: Factory method 'associationLinks' threw exception; nested exception is org.springframework.beans.factory.BeanCreationException: Error creating bean with name 'resourceMappings' defined in class path resource [org/springframework/data/rest/webmvc/config/RepositoryRestMvcConfiguration.class]: Bean instantiation via factory method failed; nested exception is org.springframework.beans.BeanInstantiationException: Failed to instantiate [org.springframework.data.rest.core.mapping.RepositoryResourceMappings]: Factory method 'resourceMappings' threw exception; nested exception is org.springframework.beans.factory.BeanCreationException: Error creating bean with name 'repositories' defined in class path resource [org/springframework/data/rest/webmvc/config/RepositoryRestMvcConfiguration.class]: Bean instantiation via factory method failed; nested exception is org.springframework.beans.BeanInstantiationException: Failed to instantiate [org.springframework.data.repository.support.Repositories]: Factory method 'repositories' threw exception; nested exception is org.springframework.beans.factory.BeanCreationException: Error creating bean with name 'taskRepository': Invocation of init method failed; nested exception is org.springframework.beans.BeanInstantiationException: Failed to instantiate [org.springframework.data.jpa.repository.support.QuerydslJpaRepository]: Constructor threw exception; nested exception is java.lang.IllegalArgumentException: Did not find a query class org.activiti.incubator.taskservice.QTask for domain class org.activiti.incubator.taskservice.Task!
Caused by: org.springframework.beans.factory.BeanCreationException: Error creating bean with name 'associationLinks' defined in class path resource [org/springframework/data/rest/webmvc/config/RepositoryRestMvcConfiguration.class]: Bean instantiation via factory method failed; nested exception is org.springframework.beans.BeanInstantiationException: Failed to instantiate [org.springframework.data.rest.webmvc.mapping.Associations]: Factory method 'associationLinks' threw exception; nested exception is org.springframework.beans.factory.BeanCreationException: Error creating bean with name 'resourceMappings' defined in class path resource [org/springframework/data/rest/webmvc/config/RepositoryRestMvcConfiguration.class]: Bean instantiation via factory method failed; nested exception is org.springframework.beans.BeanInstantiationException: Failed to instantiate [org.springframework.data.rest.core.mapping.RepositoryResourceMappings]: Factory method 'resourceMappings' threw exception; nested exception is org.springframework.beans.factory.BeanCreationException: Error creating bean with name 'repositories' defined in class path resource [org/springframework/data/rest/webmvc/config/RepositoryRestMvcConfiguration.class]: Bean instantiation via factory method failed; nested exception is org.springframework.beans.BeanInstantiationException: Failed to instantiate [org.springframework.data.repository.support.Repositories]: Factory method 'repositories' threw exception; nested exception is org.springframework.beans.factory.BeanCreationException: Error creating bean with name 'taskRepository': Invocation of init method failed; nested exception is org.springframework.beans.BeanInstantiationException: Failed to instantiate [org.springframework.data.jpa.repository.support.QuerydslJpaRepository]: Constructor threw exception; nested exception is java.lang.IllegalArgumentException: Did not find a query class org.activiti.incubator.taskservice.QTask for domain class org.activiti.incubator.taskservice.Task!
Caused by: org.springframework.beans.BeanInstantiationException: Failed to instantiate [org.springframework.data.rest.webmvc.mapping.Associations]: Factory method 'associationLinks' threw exception; nested exception is org.springframework.beans.factory.BeanCreationException: Error creating bean with name 'resourceMappings' defined in class path resource [org/springframework/data/rest/webmvc/config/RepositoryRestMvcConfiguration.class]: Bean instantiation via factory method failed; nested exception is org.springframework.beans.BeanInstantiationException: Failed to instantiate [org.springframework.data.rest.core.mapping.RepositoryResourceMappings]: Factory method 'resourceMappings' threw exception; nested exception is org.springframework.beans.factory.BeanCreationException: Error creating bean with name 'repositories' defined in class path resource [org/springframework/data/rest/webmvc/config/RepositoryRestMvcConfiguration.class]: Bean instantiation via factory method failed; nested exception is org.springframework.beans.BeanInstantiationException: Failed to instantiate [org.springframework.data.repository.support.Repositories]: Factory method 'repositories' threw exception; nested exception is org.springframework.beans.factory.BeanCreationException: Error creating bean with name 'taskRepository': Invocation of init method failed; nested exception is org.springframework.beans.BeanInstantiationException: Failed to instantiate [org.springframework.data.jpa.repository.support.QuerydslJpaRepository]: Constructor threw exception; nested exception is java.lang.IllegalArgumentException: Did not find a query class org.activiti.incubator.taskservice.QTask for domain class org.activiti.incubator.taskservice.Task!
Caused by: org.springframework.beans.factory.BeanCreationException: Error creating bean with name 'resourceMappings' defined in class path resource [org/springframework/data/rest/webmvc/config/RepositoryRestMvcConfiguration.class]: Bean instantiation via factory method failed; nested exception is org.springframework.beans.BeanInstantiationException: Failed to instantiate [org.springframework.data.rest.core.mapping.RepositoryResourceMappings]: Factory method 'resourceMappings' threw exception; nested exception is org.springframework.beans.factory.BeanCreationException: Error creating bean with name 'repositories' defined in class path resource [org/springframework/data/rest/webmvc/config/RepositoryRestMvcConfiguration.class]: Bean instantiation via factory method failed; nested exception is org.springframework.beans.BeanInstantiationException: Failed to instantiate [org.springframework.data.repository.support.Repositories]: Factory method 'repositories' threw exception; nested exception is org.springframework.beans.factory.BeanCreationException: Error creating bean with name 'taskRepository': Invocation of init method failed; nested exception is org.springframework.beans.BeanInstantiationException: Failed to instantiate [org.springframework.data.jpa.repository.support.QuerydslJpaRepository]: Constructor threw exception; nested exception is java.lang.IllegalArgumentException: Did not find a query class org.activiti.incubator.taskservice.QTask for domain class org.activiti.incubator.taskservice.Task!
Caused by: org.springframework.beans.BeanInstantiationException: Failed to instantiate [org.springframework.data.rest.core.mapping.RepositoryResourceMappings]: Factory method 'resourceMappings' threw exception; nested exception is org.springframework.beans.factory.BeanCreationException: Error creating bean with name 'repositories' defined in class path resource [org/springframework/data/rest/webmvc/config/RepositoryRestMvcConfiguration.class]: Bean instantiation via factory method failed; nested exception is org.springframework.beans.BeanInstantiationException: Failed to instantiate [org.springframework.data.repository.support.Repositories]: Factory method 'repositories' threw exception; nested exception is org.springframework.beans.factory.BeanCreationException: Error creating bean with name 'taskRepository': Invocation of init method failed; nested exception is org.springframework.beans.BeanInstantiationException: Failed to instantiate [org.springframework.data.jpa.repository.support.QuerydslJpaRepository]: Constructor threw exception; nested exception is java.lang.IllegalArgumentException: Did not find a query class org.activiti.incubator.taskservice.QTask for domain class org.activiti.incubator.taskservice.Task!
Caused by: org.springframework.beans.factory.BeanCreationException: Error creating bean with name 'repositories' defined in class path resource [org/springframework/data/rest/webmvc/config/RepositoryRestMvcConfiguration.class]: Bean instantiation via factory method failed; nested exception is org.springframework.beans.BeanInstantiationException: Failed to instantiate [org.springframework.data.repository.support.Repositories]: Factory method 'repositories' threw exception; nested exception is org.springframework.beans.factory.BeanCreationException: Error creating bean with name 'taskRepository': Invocation of init method failed; nested exception is org.springframework.beans.BeanInstantiationException: Failed to instantiate [org.springframework.data.jpa.repository.support.QuerydslJpaRepository]: Constructor threw exception; nested exception is java.lang.IllegalArgumentException: Did not find a query class org.activiti.incubator.taskservice.QTask for domain class org.activiti.incubator.taskservice.Task!
Caused by: org.springframework.beans.BeanInstantiationException: Failed to instantiate [org.springframework.data.repository.support.Repositories]: Factory method 'repositories' threw exception; nested exception is org.springframework.beans.factory.BeanCreationException: Error creating bean with name 'taskRepository': Invocation of init method failed; nested exception is org.springframework.beans.BeanInstantiationException: Failed to instantiate [org.springframework.data.jpa.repository.support.QuerydslJpaRepository]: Constructor threw exception; nested exception is java.lang.IllegalArgumentException: Did not find a query class org.activiti.incubator.taskservice.QTask for domain class org.activiti.incubator.taskservice.Task!
Caused by: org.springframework.beans.factory.BeanCreationException: Error creating bean with name 'taskRepository': Invocation of init method failed; nested exception is org.springframework.beans.BeanInstantiationException: Failed to instantiate [org.springframework.data.jpa.repository.support.QuerydslJpaRepository]: Constructor threw exception; nested exception is java.lang.IllegalArgumentException: Did not find a query class org.activiti.incubator.taskservice.QTask for domain class org.activiti.incubator.taskservice.Task!
Caused by: org.springframework.beans.BeanInstantiationException: Failed to instantiate [org.springframework.data.jpa.repository.support.QuerydslJpaRepository]: Constructor threw exception; nested exception is java.lang.IllegalArgumentException: Did not find a query class org.activiti.incubator.taskservice.QTask for domain class org.activiti.incubator.taskservice.Task!
Caused by: java.lang.IllegalArgumentException: Did not find a query class org.activiti.incubator.taskservice.QTask for domain class org.activiti.incubator.taskservice.Task!
Caused by: java.lang.ClassNotFoundException: org.activiti.incubator.taskservice.QTask

